<?xml version="1.0" encoding="UTF-8"?>
  <testsuite tests="1" failures="0" time="97.214530225">
      <testcase name="[service-catalog] mysql Runs through the mysql broker" classname="e2e Suite" time="95.817505435"></testcase>
      <testcase name="[service-catalog] ClusterServiceBroker should become ready" classname="e2e Suite" time="0">
          <skipped></skipped>
      </testcase>
      <testcase name="[service-catalog] ServiceInstance should verify an Instance can be deleted if referenced service class does not exist." classname="e2e Suite" time="0">
          <skipped></skipped>
      </testcase>
  </testsuite>