<?xml version="1.0" encoding="UTF-8"?>
  <testsuite name="e2e Suite" tests="1" failures="0" errors="0" time="20.4">
      <testcase name="[service-catalog] ClusterServiceBroker should become ready" classname="e2e Suite" time="20.359492268"></testcase>
      <testcase name="[service-catalog] ServiceInstance should verify an Instance can be deleted if referenced service class does not exist." classname="e2e Suite" time="0">
          <skipped></skipped>
      </testcase>
      <testcase name="[service-catalog] Test MySQL broker service Runs through the demo-mysql plan" classname="e2e Suite" time="0">
          <skipped></skipped>
      </testcase>
      <testcase name="[service-catalog] Test MySQL broker service Runs through the custom mysql plan" classname="e2e Suite" time="0">
          <skipped></skipped>
      </testcase>
      <testcase name="[service-catalog] Test PostgreSQL broker service Runs through the demo-postgresql plan" classname="e2e Suite" time="0">
          <skipped></skipped>
      </testcase>
      <testcase name="[service-catalog] Test PostgreSQL broker service Runs through the demo-ha-postgresql plan" classname="e2e Suite" time="0">
          <skipped></skipped>
      </testcase>
      <testcase name="[service-catalog] Test PostgreSQL broker service Runs through the custom postgresql plan" classname="e2e Suite" time="0">
          <skipped></skipped>
      </testcase>
      <testcase name="[service-catalog] Test Elasticsearch broker service Runs through the demo-elasticsearch plan" classname="e2e Suite" time="0">
          <skipped></skipped>
      </testcase>
      <testcase name="[service-catalog] Test Elasticsearch broker service Runs through the demo-elasticsearch-cluster plan" classname="e2e Suite" time="0">
          <skipped></skipped>
      </testcase>
      <testcase name="[service-catalog] Test Elasticsearch broker service Runs through the custom elasticsearch plan" classname="e2e Suite" time="0">
          <skipped></skipped>
      </testcase>
      <testcase name="[service-catalog] Test MongoDb broker service Runs through the demo-mongodb plan" classname="e2e Suite" time="0">
          <skipped></skipped>
      </testcase>
      <testcase name="[service-catalog] Test MongoDb broker service Runs through the demo-mongodb-cluster plan" classname="e2e Suite" time="0">
          <skipped></skipped>
      </testcase>
      <testcase name="[service-catalog] Test MongoDb broker service Runs through the custom mongodb plan" classname="e2e Suite" time="0">
          <skipped></skipped>
      </testcase>
      <testcase name="[service-catalog] Test Redis broker service Runs through the demo-redis plan" classname="e2e Suite" time="0">
          <skipped></skipped>
      </testcase>
      <testcase name="[service-catalog] Test Redis broker service Runs through the custom redis plan" classname="e2e Suite" time="0">
          <skipped></skipped>
      </testcase>
      <testcase name="[service-catalog] Test Memcached broker service Runs through the demo-memcached plan" classname="e2e Suite" time="0">
          <skipped></skipped>
      </testcase>
      <testcase name="[service-catalog] Test Memcached broker service Runs through the custom memcached plan" classname="e2e Suite" time="0">
          <skipped></skipped>
      </testcase>
  </testsuite>